Using device: cuda
Total formulas: 238329 | Vocab size: 95
Epoch 1/10
  Train Loss: 2.7265 | Val Loss: 0.1488
  Saved new best model
Epoch 2/10
  Train Loss: 0.1590 | Val Loss: 0.0451
  Saved new best model
Epoch 3/10
  Train Loss: 0.0561 | Val Loss: 0.0273
  Saved new best model
Epoch 4/10
  Train Loss: 0.0383 | Val Loss: 0.0390
Epoch 5/10
  Train Loss: 0.0260 | Val Loss: 0.0184
  Saved new best model
Epoch 6/10
  Train Loss: 0.0192 | Val Loss: 0.0121
  Saved new best model
Epoch 7/10
  Train Loss: 0.0159 | Val Loss: 0.0075
  Saved new best model
Epoch 8/10
  Train Loss: 0.0109 | Val Loss: 0.0200
Epoch 9/10
  Train Loss: 0.0066 | Val Loss: 0.0075
  Saved new best model
Epoch 10/10
  Train Loss: 0.0045 | Val Loss: 0.0006
  Saved new best model
