Using device: cuda
Total formulas: 238329 | Vocab size: 95
Epoch 1/10
  Train Loss: 3.0054 | Val Loss: 1.3511
  Saved checkpoint to checkpoints/latex_vae_epoch_001.pth
  Saved new best model with val_loss: 1.3511
Epoch 2/10
  Train Loss: 0.9528 | Val Loss: 0.2298
  Saved checkpoint to checkpoints/latex_vae_epoch_002.pth
  Saved new best model with val_loss: 0.2298
Epoch 3/10
  Train Loss: 0.2886 | Val Loss: -0.0492
  Saved checkpoint to checkpoints/latex_vae_epoch_003.pth
  Saved new best model with val_loss: -0.0492
Epoch 4/10
  Train Loss: 0.0698 | Val Loss: -0.1479
  Saved checkpoint to checkpoints/latex_vae_epoch_004.pth
  Saved new best model with val_loss: -0.1479
Epoch 5/10
  Train Loss: -0.0415 | Val Loss: -0.1926
  Saved checkpoint to checkpoints/latex_vae_epoch_005.pth
  Saved new best model with val_loss: -0.1926
Epoch 6/10
  Train Loss: -0.1081 | Val Loss: -0.2230
  Saved checkpoint to checkpoints/latex_vae_epoch_006.pth
  Saved new best model with val_loss: -0.2230
Epoch 7/10
  Train Loss: -0.1520 | Val Loss: -0.2318
  Saved checkpoint to checkpoints/latex_vae_epoch_007.pth
  Saved new best model with val_loss: -0.2318
Epoch 8/10
  Train Loss: -0.1819 | Val Loss: -0.2484
  Saved checkpoint to checkpoints/latex_vae_epoch_008.pth
  Saved new best model with val_loss: -0.2484
Epoch 9/10
  Train Loss: -0.2027 | Val Loss: -0.2525
  Saved checkpoint to checkpoints/latex_vae_epoch_009.pth
  Saved new best model with val_loss: -0.2525
Epoch 10/10
  Train Loss: -0.2178 | Val Loss: -0.2565
  Saved checkpoint to checkpoints/latex_vae_epoch_010.pth
  Saved new best model with val_loss: -0.2565
Saved final model to checkpoints/final_latex_vae.pth
